# JRE version: OpenJDK Runtime Environment (8.0_152-b06) (build 1.8.0_152-release-1136-b06)
# Java VM: OpenJDK 64-Bit Server VM (25.152-b06 mixed mode windows-amd64 compressed oops)
Heap:
 PSYoungGen      total 209920K, used 200657K [0x00000000e0000000, 0x00000000f0400000, 0x0000000100000000)
  eden space 194560K, 100% used [0x00000000e0000000,0x00000000ebe00000,0x00000000ebe00000)
  from space 15360K, 39% used [0x00000000ebe00000,0x00000000ec3f4598,0x00000000ecd00000)
  to   space 14848K, 15% used [0x00000000ef580000,0x00000000ef7adfc0,0x00000000f0400000)
 ParOldGen       total 80384K, used 69620K [0x00000000a0000000, 0x00000000a4e80000, 0x00000000e0000000)
  object space 80384K, 86% used [0x00000000a0000000,0x00000000a43fd038,0x00000000a4e80000)
 Metaspace       used 77731K, capacity 81140K, committed 81408K, reserved 1120256K
  class space    used 10197K, capacity 10921K, committed 11008K, reserved 1048576K
GC Heap History (10 events):
Event: 101.114 GC heap before
{Heap before GC invocations=32 (full 3):
 PSYoungGen      total 136192K, used 121472K [0x00000000e0000000, 0x00000000e9380000, 0x0000000100000000)
  eden space 121344K, 100% used [0x00000000e0000000,0x00000000e7680000,0x00000000e7680000)
  from space 14848K, 0% used [0x00000000e8500000,0x00000000e8520000,0x00000000e9380000)
  to   space 14848K, 0% used [0x00000000e7680000,0x00000000e7680000,0x00000000e8500000)
 ParOldGen       total 80384K, used 59625K [0x00000000a0000000, 0x00000000a4e80000, 0x00000000e0000000)
  object space 80384K, 74% used [0x00000000a0000000,0x00000000a3a3a480,0x00000000a4e80000)
 Metaspace       used 66460K, capacity 68400K, committed 68480K, reserved 1107968K
  class space    used 8810K, capacity 9283K, committed 9344K, reserved 1048576K
Event: 101.119 GC heap after
Heap after GC invocations=32 (full 3):
 PSYoungGen      total 136192K, used 3408K [0x00000000e0000000, 0x00000000eb380000, 0x0000000100000000)
  eden space 121344K, 0% used [0x00000000e0000000,0x00000000e0000000,0x00000000e7680000)
  from space 14848K, 22% used [0x00000000e7680000,0x00000000e79d4308,0x00000000e8500000)
  to   space 14336K, 0% used [0x00000000ea580000,0x00000000ea580000,0x00000000eb380000)
 ParOldGen       total 80384K, used 59665K [0x00000000a0000000, 0x00000000a4e80000, 0x00000000e0000000)
  object space 80384K, 74% used [0x00000000a0000000,0x00000000a3a44480,0x00000000a4e80000)
 Metaspace       used 66460K, capacity 68400K, committed 68480K, reserved 1107968K
  class space    used 8810K, capacity 9283K, committed 9344K, reserved 1048576K
}
Event: 111.442 GC heap before
{Heap before GC invocations=33 (full 3):
 PSYoungGen      total 136192K, used 124752K [0x00000000e0000000, 0x00000000eb380000, 0x0000000100000000)
  eden space 121344K, 100% used [0x00000000e0000000,0x00000000e7680000,0x00000000e7680000)
  from space 14848K, 22% used [0x00000000e7680000,0x00000000e79d4308,0x00000000e8500000)
  to   space 14336K, 0% used [0x00000000ea580000,0x00000000ea580000,0x00000000eb380000)
 ParOldGen       total 80384K, used 59665K [0x00000000a0000000, 0x00000000a4e80000, 0x00000000e0000000)
  object space 80384K, 74% used [0x00000000a0000000,0x00000000a3a44480,0x00000000a4e80000)
 Metaspace       used 67576K, capacity 69668K, committed 69888K, reserved 1110016K
  class space    used 8928K, capacity 9431K, committed 9472K, reserved 1048576K
Event: 111.450 GC heap after
Heap after GC invocations=33 (full 3):
 PSYoungGen      total 165376K, used 4988K [0x00000000e0000000, 0x00000000eb080000, 0x0000000100000000)
  eden space 154112K, 0% used [0x00000000e0000000,0x00000000e0000000,0x00000000e9680000)
  from space 11264K, 44% used [0x00000000ea580000,0x00000000eaa5f200,0x00000000eb080000)
  to   space 13312K, 0% used [0x00000000e9680000,0x00000000e9680000,0x00000000ea380000)
 ParOldGen       total 80384K, used 60236K [0x00000000a0000000, 0x00000000a4e80000, 0x00000000e0000000)
  object space 80384K, 74% used [0x00000000a0000000,0x00000000a3ad3080,0x00000000a4e80000)
 Metaspace       used 67576K, capacity 69668K, committed 69888K, reserved 1110016K
  class space    used 8928K, capacity 9431K, committed 9472K, reserved 1048576K
}
Event: 115.021 GC heap before
{Heap before GC invocations=34 (full 3):
 PSYoungGen      total 165376K, used 159100K [0x00000000e0000000, 0x00000000eb080000, 0x0000000100000000)
  eden space 154112K, 100% used [0x00000000e0000000,0x00000000e9680000,0x00000000e9680000)
  from space 11264K, 44% used [0x00000000ea580000,0x00000000eaa5f200,0x00000000eb080000)
  to   space 13312K, 0% used [0x00000000e9680000,0x00000000e9680000,0x00000000ea380000)
 ParOldGen       total 80384K, used 60236K [0x00000000a0000000, 0x00000000a4e80000, 0x00000000e0000000)
  object space 80384K, 74% used [0x00000000a0000000,0x00000000a3ad3080,0x00000000a4e80000)
 Metaspace       used 75697K, capacity 78658K, committed 78848K, reserved 1118208K
  class space    used 10000K, capacity 10672K, committed 10752K, reserved 1048576K
Event: 115.063 GC heap after
Heap after GC invocations=34 (full 3):
 PSYoungGen      total 167424K, used 13308K [0x00000000e0000000, 0x00000000ede00000, 0x0000000100000000)
  eden space 154112K, 0% used [0x00000000e0000000,0x00000000e0000000,0x00000000e9680000)
  from space 13312K, 99% used [0x00000000e9680000,0x00000000ea37f028,0x00000000ea380000)
  to   space 16384K, 0% used [0x00000000ece00000,0x00000000ece00000,0x00000000ede00000)
 ParOldGen       total 80384K, used 61904K [0x00000000a0000000, 0x00000000a4e80000, 0x00000000e0000000)
  object space 80384K, 77% used [0x00000000a0000000,0x00000000a3c74050,0x00000000a4e80000)
 Metaspace       used 75697K, capacity 78658K, committed 78848K, reserved 1118208K
  class space    used 10000K, capacity 10672K, committed 10752K, reserved 1048576K
}
Event: 115.938 GC heap before
{Heap before GC invocations=35 (full 3):
 PSYoungGen      total 167424K, used 167420K [0x00000000e0000000, 0x00000000ede00000, 0x0000000100000000)
  eden space 154112K, 100% used [0x00000000e0000000,0x00000000e9680000,0x00000000e9680000)
  from space 13312K, 99% used [0x00000000e9680000,0x00000000ea37f028,0x00000000ea380000)
  to   space 16384K, 0% used [0x00000000ece00000,0x00000000ece00000,0x00000000ede00000)
 ParOldGen       total 80384K, used 61904K [0x00000000a0000000, 0x00000000a4e80000, 0x00000000e0000000)
  object space 80384K, 77% used [0x00000000a0000000,0x00000000a3c74050,0x00000000a4e80000)
 Metaspace       used 77261K, capacity 80676K, committed 80896K, reserved 1120256K
  class space    used 10180K, capacity 10889K, committed 11008K, reserved 1048576K
Event: 115.961 GC heap after
Heap after GC invocations=35 (full 3):
 PSYoungGen      total 208896K, used 4543K [0x00000000e0000000, 0x00000000edc00000, 0x0000000100000000)
  eden space 194560K, 0% used [0x00000000e0000000,0x00000000e0000000,0x00000000ebe00000)
  from space 14336K, 31% used [0x00000000ece00000,0x00000000ed26fcd0,0x00000000edc00000)
  to   space 15360K, 0% used [0x00000000ebe00000,0x00000000ebe00000,0x00000000ecd00000)
 ParOldGen       total 80384K, used 65895K [0x00000000a0000000, 0x00000000a4e80000, 0x00000000e0000000)
  object space 80384K, 81% used [0x00000000a0000000,0x00000000a4059cd0,0x00000000a4e80000)
 Metaspace       used 77261K, capacity 80676K, committed 80896K, reserved 1120256K
  class space    used 10180K, capacity 10889K, committed 11008K, reserved 1048576K
}
Event: 116.567 GC heap before
{Heap before GC invocations=36 (full 3):
 PSYoungGen      total 208896K, used 199103K [0x00000000e0000000, 0x00000000edc00000, 0x0000000100000000)
  eden space 194560K, 100% used [0x00000000e0000000,0x00000000ebe00000,0x00000000ebe00000)
  from space 14336K, 31% used [0x00000000ece00000,0x00000000ed26fcd0,0x00000000edc00000)
  to   space 15360K, 0% used [0x00000000ebe00000,0x00000000ebe00000,0x00000000ecd00000)
 ParOldGen       total 80384K, used 65895K [0x00000000a0000000, 0x00000000a4e80000, 0x00000000e0000000)
  object space 80384K, 81% used [0x00000000a0000000,0x00000000a4059cd0,0x00000000a4e80000)
 Metaspace       used 77595K, capacity 80992K, committed 81152K, reserved 1120256K
  class space    used 10197K, capacity 10921K, committed 11008K, reserved 1048576K
Event: 116.588 GC heap after
Heap after GC invocations=36 (full 3):
 PSYoungGen      total 209920K, used 6097K [0x00000000e0000000, 0x00000000f0400000, 0x0000000100000000)
  eden space 194560K, 0% used [0x00000000e0000000,0x00000000e0000000,0x00000000ebe00000)
  from space 15360K, 39% used [0x00000000ebe00000,0x00000000ec3f4598,0x00000000ecd00000)
  to   space 14848K, 0% used [0x00000000ef580000,0x00000000ef580000,0x00000000f0400000)
 ParOldGen       total 80384K, used 67699K [0x00000000a0000000, 0x00000000a4e80000, 0x00000000e0000000)
  object space 80384K, 84% used [0x00000000a0000000,0x00000000a421cd20,0x00000000a4e80000)
 Metaspace       used 77595K, capacity 80992K, committed 81152K, reserved 1120256K
  class space    used 10197K, capacity 10921K, committed 11008K, reserved 1048576K
}

